<?xml version="1.0" encoding="UTF-8"?>
<testng-results skipped="0" failed="0" total="1" passed="1">
  <reporter-output>
  </reporter-output>
  <suite name="Default suite" duration-ms="20" started-at="2018-07-20T12:25:20Z" finished-at="2018-07-20T12:25:20Z">
    <groups>
    </groups>
    <test name="Default test" duration-ms="20" started-at="2018-07-20T12:25:20Z" finished-at="2018-07-20T12:25:20Z">
      <class name="com.htap.fw_core.TestD">
        <test-method status="PASS" signature="asaS()[pri:0, instance:com.htap.fw_core.TestD@1bd9247]" name="asaS" duration-ms="9" started-at="2018-07-20T17:55:20Z" finished-at="2018-07-20T17:55:20Z">
          <reporter-output>
          </reporter-output>
        </test-method> <!-- asaS -->
      </class> <!-- com.htap.fw_core.TestD -->
    </test> <!-- Default test -->
  </suite> <!-- Default suite -->
</testng-results>
