<?xml version="1.0" encoding="UTF-8"?>
<!-- Generated by org.testng.reporters.JUnitXMLReporter -->
<testsuite hostname="LIN17000597" ignored="8" name="CNHiFleetAPPLoginTest_WINDOWS_WEB_CHROME_66" tests="1" failures="1" timestamp="06 Aug 2018 12:37:42 GMT" time="94.666" errors="0">
  <testcase name="CNHiFleetWebAPPLoginTest" time="87.833" classname="com.test.CNHi.testSuite.TestPlan">
    <failure type="java.lang.AssertionError" message="[printTestSummary] Testcase &amp;apos;CNHiFleetWebAPPLoginTest &amp;apos; FAILED.">
      <![CDATA[java.lang.AssertionError: [printTestSummary] Testcase 'CNHiFleetWebAPPLoginTest ' FAILED.
at com.htap.fw_core.FW_BaseTestCase.printTestSummary(FW_BaseTestCase.java:318)
at com.test.CNHi.testSuite.TestPlan.CNHiFleetWebAPPLoginTest(TestPlan.java:61)
... Removed 26 stack frames]]>
    </failure>
  </testcase> <!-- CNHiFleetWebAPPLoginTest -->
  <testcase name="EVOFleetHomeScreenTest" time="0.0" classname="com.test.CNHi.testSuite.TestPlan">
    <ignored/>
  </testcase> <!-- EVOFleetHomeScreenTest -->
  <testcase name="CNHiFarmAPPFieldTestUserA" time="0.0" classname="com.test.CNHi.testSuite.TestPlan">
    <ignored/>
  </testcase> <!-- CNHiFarmAPPFieldTestUserA -->
  <testcase name="CNHiFleetAPPLoginTest_Android2" time="0.0" classname="com.test.CNHi.testSuite.TestPlan">
    <ignored/>
  </testcase> <!-- CNHiFleetAPPLoginTest_Android2 -->
  <testcase name="CNHiFarmAPPFieldTestUserC" time="0.0" classname="com.test.CNHi.testSuite.TestPlan">
    <ignored/>
  </testcase> <!-- CNHiFarmAPPFieldTestUserC -->
  <testcase name="CNHiRestAssured_GETTest" time="0.0" classname="com.test.CNHi.testSuite.TestPlan">
    <ignored/>
  </testcase> <!-- CNHiRestAssured_GETTest -->
  <testcase name="CNHiFarmAPPFieldTestUserB" time="0.0" classname="com.test.CNHi.testSuite.TestPlan">
    <ignored/>
  </testcase> <!-- CNHiFarmAPPFieldTestUserB -->
  <testcase name="CNHiFarmAPPVehicleStatusTest" time="0.0" classname="com.test.CNHi.testSuite.TestPlan">
    <ignored/>
  </testcase> <!-- CNHiFarmAPPVehicleStatusTest -->
  <testcase name="CNHiFleetAPPLoginTest_Android" time="0.0" classname="com.test.CNHi.testSuite.TestPlan">
    <ignored/>
  </testcase> <!-- CNHiFleetAPPLoginTest_Android -->
</testsuite> <!-- CNHiFleetAPPLoginTest_WINDOWS_WEB_CHROME_66 -->
