<?xml version="1.0" encoding="UTF-8"?>
<!-- Generated by org.testng.reporters.JUnitXMLReporter -->
<testsuite hostname="DIN17000748" name="CNHiRestAssured_GETTest_WINDOWS_API" tests="1" failures="1" timestamp="20 Jul 2018 11:17:33 GMT" time="0.088" errors="0">
  <testcase name="CNHiRestAssured_GETTest" time="0.057" classname="com.test.CNHi.testSuite.TestPlan">
    <failure type="java.lang.NullPointerException">
      <![CDATA[java.lang.NullPointerException
	at com.cnhi.ExtentReporter.FW_ExtentReporter.extentMessage(FW_ExtentReporter.java:114)
	at com.test.CNHi.testcases.CNHiRestAssured_GET.setup(CNHiRestAssured_GET.java:63)
	at com.htap.fw_core.FW_BaseTestCase.run(FW_BaseTestCase.java:205)
	at com.test.CNHi.testSuite.TestPlan.CNHiRestAssured_GETTest(TestPlan.java:142)
... Removed 24 stack frames]]>
    </failure>
  </testcase> <!-- CNHiRestAssured_GETTest -->
</testsuite> <!-- CNHiRestAssured_GETTest_WINDOWS_API -->
