<?xml version="1.0" encoding="UTF-8"?>
<!-- Generated by org.testng.reporters.JUnitXMLReporter -->
<testsuite hostname="LIN17000597" ignored="8" name="CNHiAPTTest_Restful" tests="1" failures="1" timestamp="09 Aug 2018 13:55:38 GMT" time="73.159" errors="0">
  <testcase name="CNHiRestAssured_GETTest" time="73.112" classname="com.test.CNHi.testSuite.TestPlan">
    <failure type="java.lang.AssertionError" message="[printTestSummary] Testcase &amp;apos;CNHiRestAssured_GETTest &amp;apos; FAILED.">
      <![CDATA[java.lang.AssertionError: [printTestSummary] Testcase 'CNHiRestAssured_GETTest ' FAILED.
	at com.htap.fw_core.FW_BaseTestCase.printTestSummary(FW_BaseTestCase.java:318)
	at com.test.CNHi.testSuite.TestPlan.CNHiRestAssured_GETTest(TestPlan.java:188)
... Removed 25 stack frames]]>
    </failure>
  </testcase> <!-- CNHiRestAssured_GETTest -->
  <testcase name="EVOFleetHomeScreenTest" time="0.0" classname="com.test.CNHi.testSuite.TestPlan">
    <ignored/>
  </testcase> <!-- EVOFleetHomeScreenTest -->
  <testcase name="CNHiFarmAPPFieldTestUserA" time="0.0" classname="com.test.CNHi.testSuite.TestPlan">
    <ignored/>
  </testcase> <!-- CNHiFarmAPPFieldTestUserA -->
  <testcase name="CNHiFleetAPPLoginTest_Android2" time="0.0" classname="com.test.CNHi.testSuite.TestPlan">
    <ignored/>
  </testcase> <!-- CNHiFleetAPPLoginTest_Android2 -->
  <testcase name="CNHiFarmAPPFieldTestUserC" time="0.0" classname="com.test.CNHi.testSuite.TestPlan">
    <ignored/>
  </testcase> <!-- CNHiFarmAPPFieldTestUserC -->
  <testcase name="CNHiFleetWebAPPLoginTest" time="0.0" classname="com.test.CNHi.testSuite.TestPlan">
    <ignored/>
  </testcase> <!-- CNHiFleetWebAPPLoginTest -->
  <testcase name="CNHiFarmAPPFieldTestUserB" time="0.0" classname="com.test.CNHi.testSuite.TestPlan">
    <ignored/>
  </testcase> <!-- CNHiFarmAPPFieldTestUserB -->
  <testcase name="CNHiFarmAPPVehicleStatusTest" time="0.0" classname="com.test.CNHi.testSuite.TestPlan">
    <ignored/>
  </testcase> <!-- CNHiFarmAPPVehicleStatusTest -->
  <testcase name="CNHiFleetAPPLoginTest_Android" time="0.0" classname="com.test.CNHi.testSuite.TestPlan">
    <ignored/>
  </testcase> <!-- CNHiFleetAPPLoginTest_Android -->
</testsuite> <!-- CNHiAPTTest_Restful -->
